Down under delay difference model version 0.1 (2013-12-19)
Copyright (C) 2013 Queensland Government, Department of Agriculture, Forestry and Fisheries
This code is distributed under the GNU GPL v.3 license (http://www.gnu.org/licenses/)
The number of variable is 11
minimum: 
Minuit did successfully converge.
# of function calls: 331
minimum function Value: 898.5547085508
minimum edm: 8.195725549717e-06
minimum internal state vector: LAVector parameters:
     -1.438940435047
         -1.44490738
    0.03905392072791
     -1.311202613237
    -0.9499819499908
    -0.7889891754876
    -0.6448375014527
    -0.5409487485264

minimum internal covariance matrix: LASymMatrix parameters:
  5.0909298e-05  4.0758118e-05 -3.2891005e-06 -1.4274596e-06  8.8846933e-06 -5.1283863e-07 -7.6678839e-08 -9.1939162e-07
  4.0758118e-05  3.3219758e-05 -1.9609564e-06 -6.4199144e-07  5.4736391e-06 -2.0290115e-07 -1.1589341e-07 -5.4530407e-07
 -3.2891005e-06 -1.9609564e-06  3.3311824e-05 -1.0194407e-06  1.0115594e-06    1.63023e-06  2.7349311e-06  4.6132985e-06
 -1.4274596e-06 -6.4199144e-07 -1.0194407e-06  1.5942209e-05  6.3358706e-07  2.8134574e-06  7.0458055e-07 -6.8165812e-07
  8.8846933e-06  5.4736391e-06  1.0115594e-06  6.3358706e-07  7.3839317e-05 -7.1909227e-06  1.3721177e-06 -4.9950718e-07
 -5.1283863e-07 -2.0290115e-07    1.63023e-06  2.8134574e-06 -7.1909227e-06  7.3381233e-05 -5.3972407e-06  5.5420849e-07
 -7.6678839e-08 -1.1589341e-07  2.7349311e-06  7.0458055e-07  1.3721177e-06 -5.3972407e-06  7.0229569e-05 -6.1075935e-08
 -9.1939162e-07 -5.4530407e-07  4.6132985e-06 -6.8165812e-07 -4.9950718e-07  5.5420849e-07 -6.1075935e-08  9.4031429e-05


# ext. ||   Name    ||   type  ||     Value     ||  Error +/- 

   0   ||Targeted q ||  fixed  ||                   4 ||
   1   ||Nontargeted q ||  fixed  ||                   2 ||
   2   ||     sigma ||  fixed  ||                  10 ||
   3   ||  Biomass1 || limited ||      4.340200358734 ||0.3316592308965
   4   ||  Biomass2 || limited ||      3.956776995525 ||0.2558538220093
   5   ||   vm_mean || limited ||     0.1226603244707 ||0.0128115476814
   6   ||  vm_sigma || limited ||      1.341209378616 ||0.02898802524762
   7   ||Recruit year 1 || limited ||      9.338816761438 ||0.1767055291286
   8   ||Recruit year 2 || limited ||      14.52647593056 ||0.2133640535322
   9   ||Recruit year 3 || limited ||       19.9545764416 ||0.2367680653012
  10   ||Recruit year 4 || limited ||      24.26009924827 ||0.2938578132959





minimum2: 
Minuit did successfully converge.
# of function calls: 1600
minimum function Value: 403.5330498472
minimum edm: 3.706110861518e-06
minimum internal state vector: LAVector parameters:
     -1.427244213732
     -1.287002217587
      -1.31051957867
     -1.230746903819
     -1.237976435923
 -0.0003053309868357
     -1.068098577609
    -0.2256662642209
     0.1602081177066
     0.5873485555311
      1.250062801021

minimum internal covariance matrix: LASymMatrix parameters:
  7.8144806e-06              0 -1.2931942e-06  -1.812374e-05  -1.780883e-05  1.2005859e-06 -9.3209884e-06 -7.5660558e-05 -0.00010904988 -0.00017312336 -0.00059408848
              0              2              0              0              0              0              0              0              0              0              0
 -1.2931942e-06              0  7.7752474e-05  3.3957809e-06  3.2907502e-06 -3.0282535e-07  1.1273186e-06  1.0653259e-05  1.6910154e-05  2.7128826e-05  9.3300578e-05
  -1.812374e-05              0  3.3957809e-06   4.988778e-05  4.8093985e-05 -2.9361889e-06  2.1029098e-05  0.00017829194  0.00025284832  0.00040114633   0.0013777564
  -1.780883e-05              0  3.2907502e-06  4.8093985e-05  4.6490091e-05 -2.8512503e-06  2.0829796e-05  0.00017465314  0.00024849829  0.00039426906   0.0013538157
  1.2005859e-06              0 -3.0282535e-07 -2.9361889e-06 -2.8512503e-06  9.1088166e-07 -2.3644147e-06 -1.1615824e-05 -1.6668217e-05 -2.6508045e-05 -8.6842015e-05
 -9.3209884e-06              0  1.1273186e-06  2.1029098e-05  2.0829796e-05 -2.3644147e-06  2.1876171e-05  9.0082303e-05  0.00013141629  0.00020853201  0.00069744076
 -7.5660558e-05              0  1.0653259e-05  0.00017829194  0.00017465314 -1.1615824e-05  9.0082303e-05  0.00074570854   0.0010536587   0.0016759921   0.0057505649
 -0.00010904988              0  1.6910154e-05  0.00025284832  0.00024849829 -1.6668217e-05  0.00013141629   0.0010536587   0.0015391563   0.0024141078   0.0082876786
 -0.00017312336              0  2.7128826e-05  0.00040114633  0.00039426906 -2.6508045e-05  0.00020853201   0.0016759921   0.0024141078   0.0038690197    0.013134595
 -0.00059408848              0  9.3300578e-05   0.0013777564   0.0013538157 -8.6842015e-05  0.00069744076   0.0057505649   0.0082876786    0.013134595    0.045760386


# ext. ||   Name    ||   type  ||     Value     ||  Error +/- 

   0   ||Targeted q || limited ||     0.5142961343756 ||0.01413909933014
   1   ||Nontargeted q || limited ||                   2 ||22.06548931833
   2   ||     sigma || limited ||      1.684060271647 ||0.08022875972608
   3   ||  Biomass1 || limited ||      28.63090877372 ||0.8328945007516
   4   ||  Biomass2 || limited ||      27.43759129927 ||0.7875810344922
   5   ||   vm_mean || limited || -0.0009592255702522 ||0.002120146159111
   6   ||  vm_sigma || limited ||      4.949498137118 ||0.06373578906682
   7   ||Recruit year 1 || limited ||      38.81832962888 ||0.9408398701173
   8   ||Recruit year 2 || limited ||      57.98038551372 ||1.368988443424
   9   ||Recruit year 3 || limited ||      77.71002305936 ||1.829830322706
  10   ||Recruit year 4 || limited ||      97.45047598043 ||2.37504425561





